2024-12-22 14:29:45,506 - INFO - 当前折现率:10.0%,总投资额:6000000
2024-12-22 14:29:45,605 - INFO - 读取sheet: 方案A
2024-12-22 14:29:45,606 - INFO - 读取sheet: 方案B
2024-12-22 14:29:45,606 - INFO - 读取sheet: 方案C
2024-12-22 14:29:45,607 - INFO - 分析项目可行性
2024-12-22 14:29:45,607 - INFO - project 方案A1 可行性分析
2024-12-22 14:29:45,607 - INFO - Net Present Value (NPV): 369.03
2024-12-22 14:29:45,609 - INFO - Internal Rate of Return (IRR): 76.51%
2024-12-22 14:29:45,609 - INFO - project 方案A1 方案可行。
2024-12-22 14:29:45,609 - INFO - project 方案A2 可行性分析
2024-12-22 14:29:45,609 - INFO - Net Present Value (NPV): 192.15
2024-12-22 14:29:45,610 - INFO - Internal Rate of Return (IRR): 59.65%
2024-12-22 14:29:45,611 - INFO - project 方案A2 方案可行。
2024-12-22 14:29:45,611 - INFO - project 方案B1 可行性分析
2024-12-22 14:29:45,611 - INFO - Net Present Value (NPV): 603.59
2024-12-22 14:29:45,612 - INFO - Internal Rate of Return (IRR): 88.71%
2024-12-22 14:29:45,612 - INFO - project 方案B1 方案可行。
2024-12-22 14:29:45,612 - INFO - project 方案B2 可行性分析
2024-12-22 14:29:45,612 - INFO - Net Present Value (NPV): 348.57
2024-12-22 14:29:45,614 - INFO - Internal Rate of Return (IRR): 107.45%
2024-12-22 14:29:45,614 - INFO - project 方案B2 方案可行。
2024-12-22 14:29:45,614 - INFO - project 方案C1 可行性分析
2024-12-22 14:29:45,614 - INFO - Net Present Value (NPV): 473.03
2024-12-22 14:29:45,615 - INFO - Internal Rate of Return (IRR): 63.40%
2024-12-22 14:29:45,616 - INFO - project 方案C1 方案可行。
2024-12-22 14:29:45,616 - INFO - project 方案C2 可行性分析
2024-12-22 14:29:45,616 - INFO - Net Present Value (NPV): 196.91
2024-12-22 14:29:45,617 - INFO - Internal Rate of Return (IRR): 41.78%
2024-12-22 14:29:45,617 - INFO - project 方案C2 方案可行。
2024-12-22 14:29:45,617 - INFO - 计算所有方案的回收期，以及画出现金流量图
2024-12-22 14:29:45,617 - INFO - 计算 project:方案A1 的动态回收期为: 1.34
2024-12-22 14:29:45,617 - INFO - 计算 project:方案A1 的静态回收期为: 1.19
2024-12-22 14:29:45,814 - INFO - distance:90.0
2024-12-22 14:29:48,277 - INFO - 计算 project:方案A2 的动态回收期为: 1.71
2024-12-22 14:29:48,277 - INFO - 计算 project:方案A2 的静态回收期为: 1.49
2024-12-22 14:29:48,327 - INFO - distance:90.0
2024-12-22 14:29:48,931 - INFO - 计算 project:方案B1 的动态回收期为: 1.23
2024-12-22 14:29:48,932 - INFO - 计算 project:方案B1 的静态回收期为: 1.1
2024-12-22 14:29:48,981 - INFO - distance:90.0
2024-12-22 14:29:49,567 - INFO - 计算 project:方案B2 的动态回收期为: 1.02
2024-12-22 14:29:49,567 - INFO - 计算 project:方案B2 的静态回收期为: 0.93
2024-12-22 14:29:49,617 - INFO - distance:87.3
2024-12-22 14:29:50,150 - INFO - 计算 project:方案C1 的动态回收期为: 1.72
2024-12-22 14:29:50,150 - INFO - 计算 project:方案C1 的静态回收期为: 1.51
2024-12-22 14:29:50,207 - INFO - distance:90.0
2024-12-22 14:29:50,750 - INFO - 计算 project:方案C2 的动态回收期为: 2.57
2024-12-22 14:29:50,750 - INFO - 计算 project:方案C2 的静态回收期为: 2.17
2024-12-22 14:29:50,801 - INFO - distance:90.0
2024-12-22 14:29:51,333 - INFO - 方案方案A大小店方案
2024-12-22 14:29:51,333 - INFO - 方案	期初投资	净现值	寿命	动态回收期
2024-12-22 14:29:51,333 - INFO - 方案A1	182.4	369.03	6	1.34
2024-12-22 14:29:51,333 - INFO - 方案A2	127.4	192.15	6	1.71
2024-12-22 14:29:51,333 - INFO - 方案方案A方案比选
2024-12-22 14:29:51,333 - INFO - 根据净现值,方案方案A1更优
2024-12-22 14:29:51,335 - INFO - Project 方案A1 IRR: 76.51%
2024-12-22 14:29:51,336 - INFO - Project 方案A2 IRR: 59.65%
2024-12-22 14:29:51,337 - INFO - compare 方案A1 and 方案A2
2024-12-22 14:29:51,338 - INFO - Difference IRR between Project 方案A1 and Project 方案A2: 115.40%
2024-12-22 14:29:51,339 - INFO - 根据差额IRR,方案方案A排列大小店优先级,得出方案方案A1更优
2024-12-22 14:29:51,339 - INFO - 根据差额投资回收期对比
2024-12-22 14:29:51,339 - INFO - 差额投资回收期=0.89 <= 1.71
2024-12-22 14:29:51,339 - INFO - 方案方案A2更优
2024-12-22 14:29:51,340 - INFO - 综上所述,方案方案A1更优
2024-12-22 14:29:51,340 - INFO - 盈亏平衡计算
2024-12-22 14:29:51,340 - INFO - 方案方案A1的盈亏平衡
2024-12-22 14:29:51,340 - INFO - 人流量: 3.0 人
2024-12-22 14:29:51,341 - INFO - 人均消费: 94.67 元
2024-12-22 14:29:51,341 - INFO - 总固定成本: 87 元
2024-12-22 14:29:51,341 - INFO - 单位产品变动成本: 94.67 元/件
2024-12-22 14:29:51,341 - INFO - 销售收入B=PQ= 8160000.0 元
2024-12-22 14:29:51,341 - INFO - 总成本C=Cf+CvQ= 6437800.0 元
2024-12-22 14:29:51,341 - INFO - 盈亏平衡点销量Q*=Cf/(P-Cv) 3.43 人
2024-12-22 14:29:51,342 - INFO - 盈亏平衡生产能力利用率: 0.01 %
2024-12-22 14:29:51,342 - INFO - 经营安全率: 99.99494857709546%
2024-12-22 14:29:51,342 - INFO - 经营安全
2024-12-22 14:29:52,004 - INFO - 方案方案A2的盈亏平衡
2024-12-22 14:29:52,004 - INFO - 人流量: 2.0 人
2024-12-22 14:29:52,004 - INFO - 人均消费: 101.7 元
2024-12-22 14:29:52,004 - INFO - 总固定成本: 66 元
2024-12-22 14:29:52,004 - INFO - 单位产品变动成本: 101.7 元/件
2024-12-22 14:29:52,004 - INFO - 销售收入B=PQ= 4420000.0 元
2024-12-22 14:29:52,005 - INFO - 总成本C=Cf+CvQ= 3457800.0 元
2024-12-22 14:29:52,005 - INFO - 盈亏平衡点销量Q*=Cf/(P-Cv) 2.33 人
2024-12-22 14:29:52,005 - INFO - 盈亏平衡生产能力利用率: 0.01 %
2024-12-22 14:29:52,005 - INFO - 经营安全率: 99.99314118965026%
2024-12-22 14:29:52,005 - INFO - 经营安全
2024-12-22 14:29:52,653 - INFO - 敏感性分析
2024-12-22 14:29:52,653 - INFO - 方案方案A1的单因素分析
2024-12-22 14:29:54,149 - INFO - 方案方案A1的多因素分析
2024-12-22 14:29:54,848 - INFO - 方案方案A2的单因素分析
2024-12-22 14:29:55,398 - INFO - 方案方案A2的多因素分析
2024-12-22 14:29:55,948 - INFO - 方案方案B大小店方案
2024-12-22 14:29:55,948 - INFO - 方案	期初投资	净现值	寿命	动态回收期
2024-12-22 14:29:55,949 - INFO - 方案B1	224	603.59	6	1.23
2024-12-22 14:29:55,949 - INFO - 方案B2	97	348.57	6	1.02
2024-12-22 14:29:55,949 - INFO - 方案方案B方案比选
2024-12-22 14:29:55,949 - INFO - 根据净现值,方案方案B1更优
2024-12-22 14:29:55,950 - INFO - Project 方案B1 IRR: 88.71%
2024-12-22 14:29:55,952 - INFO - Project 方案B2 IRR: 107.45%
2024-12-22 14:29:55,952 - INFO - compare 方案B1 and 方案B2
2024-12-22 14:29:55,954 - INFO - Difference IRR between Project 方案B1 and Project 方案B2: 73.51%
2024-12-22 14:29:55,954 - INFO - 根据差额IRR,方案方案B排列大小店优先级,得出方案方案B1更优
2024-12-22 14:29:55,954 - INFO - 根据差额投资回收期对比
2024-12-22 14:29:55,954 - INFO - 差额投资回收期=1.45 > 1.23
2024-12-22 14:29:55,954 - INFO - 方案方案B2更优
2024-12-22 14:29:55,955 - INFO - 综上所述,方案方案B1更优
2024-12-22 14:29:55,955 - INFO - 盈亏平衡计算
2024-12-22 14:29:55,955 - INFO - 方案方案B1的盈亏平衡
2024-12-22 14:29:55,955 - INFO - 人流量: 3.0 人
2024-12-22 14:29:55,955 - INFO - 人均消费: 68.03 元
2024-12-22 14:29:55,955 - INFO - 总固定成本: 95 元
2024-12-22 14:29:55,955 - INFO - 单位产品变动成本: 68.03 元/件
2024-12-22 14:29:55,955 - INFO - 销售收入B=PQ= 7560000.0 元
2024-12-22 14:29:55,955 - INFO - 总成本C=Cf+CvQ= 4898000.0 元
2024-12-22 14:29:55,956 - INFO - 盈亏平衡点销量Q*=Cf/(P-Cv) 2.57 人
2024-12-22 14:29:55,956 - INFO - 盈亏平衡生产能力利用率: 0.0 %
2024-12-22 14:29:55,956 - INFO - 经营安全率: 99.9964313820506%
2024-12-22 14:29:55,956 - INFO - 经营安全
2024-12-22 14:29:57,403 - INFO - 方案方案B2的盈亏平衡
2024-12-22 14:29:57,403 - INFO - 人流量: 3.0 人
2024-12-22 14:29:57,404 - INFO - 人均消费: 79.04 元
2024-12-22 14:29:57,404 - INFO - 总固定成本: 78 元
2024-12-22 14:29:57,404 - INFO - 单位产品变动成本: 79.04 元/件
2024-12-22 14:29:57,404 - INFO - 销售收入B=PQ= 5670000.0 元
2024-12-22 14:29:57,404 - INFO - 总成本C=Cf+CvQ= 4268000.0 元
2024-12-22 14:29:57,404 - INFO - 盈亏平衡点销量Q*=Cf/(P-Cv) 3.0 人
2024-12-22 14:29:57,404 - INFO - 盈亏平衡生产能力利用率: 0.01 %
2024-12-22 14:29:57,405 - INFO - 经营安全率: 99.99443682876417%
2024-12-22 14:29:57,405 - INFO - 经营安全
2024-12-22 14:29:58,018 - INFO - 敏感性分析
2024-12-22 14:29:58,019 - INFO - 方案方案B1的单因素分析
2024-12-22 14:29:59,465 - INFO - 方案方案B1的多因素分析
2024-12-22 14:30:00,066 - INFO - 方案方案B2的单因素分析
2024-12-22 14:30:00,568 - INFO - 方案方案B2的多因素分析
2024-12-22 14:30:01,132 - INFO - 方案方案C大小店方案
2024-12-22 14:30:01,132 - INFO - 方案	期初投资	净现值	寿命	动态回收期
2024-12-22 14:30:01,132 - INFO - 方案C1	259.46	473.03	6	1.72
2024-12-22 14:30:01,133 - INFO - 方案C2	185.32	196.91	6	2.57
2024-12-22 14:30:01,133 - INFO - 方案方案C方案比选
2024-12-22 14:30:01,133 - INFO - 根据净现值,方案方案C1更优
2024-12-22 14:30:01,134 - INFO - Project 方案C1 IRR: 63.40%
2024-12-22 14:30:01,136 - INFO - Project 方案C2 IRR: 41.78%
2024-12-22 14:30:01,136 - INFO - compare 方案C1 and 方案C2
2024-12-22 14:30:01,137 - INFO - Difference IRR between Project 方案C1 and Project 方案C2: 115.71%
2024-12-22 14:30:01,138 - INFO - 根据差额IRR,方案方案C排列大小店优先级,得出方案方案C1更优
2024-12-22 14:30:01,138 - INFO - 根据差额投资回收期对比
2024-12-22 14:30:01,138 - INFO - 差额投资回收期=0.94 <= 2.57
2024-12-22 14:30:01,138 - INFO - 方案方案C2更优
2024-12-22 14:30:01,138 - INFO - 综上所述,方案方案C1更优
2024-12-22 14:30:01,138 - INFO - 盈亏平衡计算
2024-12-22 14:30:01,138 - INFO - 方案方案C1的盈亏平衡
2024-12-22 14:30:01,138 - INFO - 人流量: 3.0 人
2024-12-22 14:30:01,139 - INFO - 人均消费: 94.67 元
2024-12-22 14:30:01,139 - INFO - 总固定成本: 87 元
2024-12-22 14:30:01,139 - INFO - 单位产品变动成本: 94.67 元/件
2024-12-22 14:30:01,139 - INFO - 销售收入B=PQ= 8160000.0 元
2024-12-22 14:30:01,139 - INFO - 总成本C=Cf+CvQ= 6437800.0 元
2024-12-22 14:30:01,139 - INFO - 盈亏平衡点销量Q*=Cf/(P-Cv) 3.43 人
2024-12-22 14:30:01,139 - INFO - 盈亏平衡生产能力利用率: 0.01 %
2024-12-22 14:30:01,139 - INFO - 经营安全率: 99.99494857709546%
2024-12-22 14:30:01,140 - INFO - 经营安全
2024-12-22 14:30:02,602 - INFO - 方案方案C2的盈亏平衡
2024-12-22 14:30:02,602 - INFO - 人流量: 2.0 人
2024-12-22 14:30:02,603 - INFO - 人均消费: 101.7 元
2024-12-22 14:30:02,603 - INFO - 总固定成本: 66 元
2024-12-22 14:30:02,603 - INFO - 单位产品变动成本: 101.7 元/件
2024-12-22 14:30:02,603 - INFO - 销售收入B=PQ= 4420000.0 元
2024-12-22 14:30:02,603 - INFO - 总成本C=Cf+CvQ= 3457800.0 元
2024-12-22 14:30:02,603 - INFO - 盈亏平衡点销量Q*=Cf/(P-Cv) 2.33 人
2024-12-22 14:30:02,603 - INFO - 盈亏平衡生产能力利用率: 0.01 %
2024-12-22 14:30:02,603 - INFO - 经营安全率: 99.99314118965026%
2024-12-22 14:30:02,603 - INFO - 经营安全
2024-12-22 14:30:03,220 - INFO - 敏感性分析
2024-12-22 14:30:03,220 - INFO - 方案方案C1的单因素分析
2024-12-22 14:30:04,416 - INFO - 方案方案C1的多因素分析
2024-12-22 14:30:05,000 - INFO - 方案方案C2的单因素分析
2024-12-22 14:30:05,565 - INFO - 方案方案C2的多因素分析
2024-12-22 14:30:06,117 - INFO - 总方案分析
2024-12-22 14:30:06,117 - INFO - 互斥方案选择
2024-12-22 14:30:06,117 - INFO - 方案方案A大小店互斥，项目选择:方案A1
2024-12-22 14:30:06,118 - INFO - 方案方案B大小店互斥，项目选择:方案B1
2024-12-22 14:30:06,118 - INFO - 方案方案C大小店互斥，项目选择:方案C1
2024-12-22 14:30:06,118 - INFO - 独立方案选择
2024-12-22 14:30:06,118 - INFO - 方案名	方案编号	投资	IRR	NPV
2024-12-22 14:30:06,118 - INFO - 方案A	方案A1	182.4	0.7651	369.03
2024-12-22 14:30:06,118 - INFO - 方案B	方案B1	224	0.8871	603.59
2024-12-22 14:30:06,118 - INFO - 方案C	方案C1	259.46	0.634	473.03
2024-12-22 14:30:06,119 - INFO - 方案组合分析	8种组合方案
2024-12-22 14:30:06,119 - INFO - 组合序号	组合方式	总投资	总NPV
2024-12-22 14:30:06,119 - INFO - 1	方案A1,方案B1,方案C1	6658600.0	14456500.0
2024-12-22 14:30:06,119 - INFO - 2	方案A1,方案B1	4064000.0	9726200.0
2024-12-22 14:30:06,119 - INFO - 3	方案A1,方案C1	4418600.0	8420600.0
2024-12-22 14:30:06,119 - INFO - 4	方案A1	1824000.0	3690299.9999999995
2024-12-22 14:30:06,119 - INFO - 5	方案B1,方案C1	4834600.0	10766200.0
2024-12-22 14:30:06,120 - INFO - 6	方案B1	2240000	6035900.0
2024-12-22 14:30:06,120 - INFO - 7	方案C1	2594600.0	4730300.0
2024-12-22 14:30:06,120 - INFO - 8		0	0
2024-12-22 14:30:06,120 - INFO - 假设总投资6000000以内
2024-12-22 14:30:06,120 - INFO - 选择方案B1,方案C1方案，总净现值10766200.0,IRR分别为88.71%,63.4%,总投资为4834600.0
